<?xml version="1.0" encoding="UTF-8"?>
<!-- Generated by org.testng.reporters.JUnitReportReporter -->
<testsuite hostname="DESKTOP-B84KNI1" failures="0" tests="1" name="cricket.CrickInfoTest" time="19.939" errors="0" timestamp="2024-03-21T19:23:32 IST" skipped="0">
  <testcase classname="cricket.CrickInfoTest" name="crickinfo" time="19.939"/>
  <system-out/>
</testsuite> <!-- cricket.CrickInfoTest -->
