<?xml version="1.0" encoding="UTF-8"?>
<!-- Generated by org.testng.reporters.JUnitReportReporter -->
<testsuite hostname="DESKTOP-B84KNI1" failures="0" tests="1" name="beautify.LaunchLakme_Test" time="20.938" errors="0" timestamp="2024-03-20T20:18:36 IST" skipped="0">
  <testcase classname="beautify.LaunchLakme_Test" name="lakme" time="20.938"/>
  <system-out/>
</testsuite> <!-- beautify.LaunchLakme_Test -->
