<?xml version="1.0" encoding="UTF-8"?>
<!-- Generated by org.testng.reporters.JUnitReportReporter -->
<testsuite hostname="DESKTOP-B84KNI1" failures="0" tests="1" name="cricket.BcciTest" time="10.763" errors="0" timestamp="2024-03-21T19:23:32 IST" skipped="0">
  <testcase classname="cricket.BcciTest" name="bcci" time="10.763"/>
  <system-out/>
</testsuite> <!-- cricket.BcciTest -->
