<?xml version="1.0" encoding="UTF-8"?>
<!-- Generated by org.testng.reporters.JUnitReportReporter -->
<testsuite hostname="DESKTOP-B84KNI1" failures="0" tests="1" name="beautify.LaunchLoreal_Test" time="27.519" errors="0" timestamp="2024-03-20T20:12:52 IST" skipped="0">
  <testcase classname="beautify.LaunchLoreal_Test" name="loreal" time="27.519"/>
  <system-out/>
</testsuite> <!-- beautify.LaunchLoreal_Test -->
